<?xml version="1.0" encoding="UTF-8"?>
<!-- Generated by org.testng.reporters.JUnitReportReporter -->
<testsuite skipped="0" hostname="DESKTOP-515C8VV" name="homePageTest.TC001_LoginVerify" tests="1" failures="0" timestamp="07 Dec 2017 04:09:54 GMT" time="9.634" errors="0">
  <testcase name="loginToCredential" time="9.634" classname="homePageTest.TC001_LoginVerify"/>
</testsuite> <!-- homePageTest.TC001_LoginVerify -->
