<?xml version="1.0" encoding="UTF-8"?>
<!-- Generated by org.testng.reporters.JUnitReportReporter -->
<testsuite skipped="0" hostname="DESKTOP-515C8VV" name="homePageTest.TC001_LoginVerify" tests="1" failures="0" timestamp="10 Dec 2017 04:44:29 GMT" time="11.542" errors="0">
  <testcase name="loginToCredential" time="11.542" classname="homePageTest.TC001_LoginVerify"/>
</testsuite> <!-- homePageTest.TC001_LoginVerify -->
